WARNING 2022-01-06 15:11:05,233 [pipeline_server.py:508] [CONF] build_dag_each_worker not set, use default: False
WARNING 2022-01-06 15:11:05,234 [pipeline_server.py:508] [CONF] retry not set, use default: 1
WARNING 2022-01-06 15:11:05,234 [pipeline_server.py:508] [CONF] client_type not set, use default: brpc
WARNING 2022-01-06 15:11:05,235 [pipeline_server.py:508] [CONF] use_profile not set, use default: False
WARNING 2022-01-06 15:11:05,235 [pipeline_server.py:508] [CONF] channel_size not set, use default: 0
WARNING 2022-01-06 15:11:05,235 [pipeline_server.py:508] [CONF] tracer not set, use default: {}
WARNING 2022-01-06 15:11:05,236 [pipeline_server.py:508] [CONF] channel_recv_frist_arrive not set, use default: False
WARNING 2022-01-06 15:11:05,236 [pipeline_server.py:508] [CONF] interval_s not set, use default: -1
WARNING 2022-01-06 15:11:05,237 [pipeline_server.py:508] [CONF] timeout not set, use default: -1
WARNING 2022-01-06 15:11:05,237 [pipeline_server.py:508] [CONF] retry not set, use default: 1
WARNING 2022-01-06 15:11:05,237 [pipeline_server.py:508] [CONF] batch_size not set, use default: 1
WARNING 2022-01-06 15:11:05,238 [pipeline_server.py:508] [CONF] auto_batching_timeout not set, use default: -1
WARNING 2022-01-06 15:11:05,238 [pipeline_server.py:508] [CONF] workdir not set, use default: 
WARNING 2022-01-06 15:11:05,238 [pipeline_server.py:508] [CONF] thread_num not set, use default: 2
WARNING 2022-01-06 15:11:05,238 [pipeline_server.py:508] [CONF] devices not set, use default: 
WARNING 2022-01-06 15:11:05,239 [pipeline_server.py:508] [CONF] mem_optim not set, use default: True
WARNING 2022-01-06 15:11:05,239 [pipeline_server.py:508] [CONF] ir_optim not set, use default: False
WARNING 2022-01-06 15:11:05,240 [pipeline_server.py:508] [CONF] precision not set, use default: fp32
WARNING 2022-01-06 15:11:05,240 [pipeline_server.py:508] [CONF] use_calib not set, use default: False
WARNING 2022-01-06 15:11:05,240 [pipeline_server.py:508] [CONF] use_mkldnn not set, use default: False
WARNING 2022-01-06 15:11:05,240 [pipeline_server.py:508] [CONF] mkldnn_cache_capacity not set, use default: 0
INFO 2022-01-06 15:11:05,242 [operator.py:180] local_service_conf: {'model_config': './convbert_server', 'device_type': 0, 'client_type': 'local_predictor', 'workdir': '', 'thread_num': 2, 'devices': '', 'mem_optim': True, 'ir_optim': False, 'precision': 'fp32', 'use_calib': False, 'use_mkldnn': False, 'mkldnn_cache_capacity': 0}
INFO 2022-01-06 15:11:05,242 [local_service_handler.py:160] Models(./convbert_server) will be launched by device cpu. use_gpu:False, use_trt:False, use_lite:False, use_xpu:False, device_type:0, devices:[-1], mem_optim:True, ir_optim:False, use_profile:False, thread_num:2, client_type:local_predictor, fetch_names:None, precision:fp32, use_mkldnn:False, mkldnn_cache_capacity:0, mkldnn_op_list:None, mkldnn_bf16_op_list:None
INFO 2022-01-06 15:11:05,243 [operator.py:271] convbert 
	input_ops: @DAGExecutor,
	server_endpoints: None
	fetch_list: None
	client_config: ./convbert_server/serving_server_conf.prototxt
	concurrency: 1,
	timeout(s): -1,
	retry: 1,
	batch_size: 1,
	auto_batching_timeout(s): None
INFO 2022-01-06 15:11:05,243 [pipeline_server.py:215] ============= PIPELINE SERVER =============
INFO 2022-01-06 15:11:05,243 [pipeline_server.py:216] 
{
    "worker_num":1,
    "http_port":18080,
    "rpc_port":9993,
    "dag":{
        "is_thread_op":false,
        "retry":1,
        "client_type":"brpc",
        "use_profile":false,
        "channel_size":0,
        "tracer":{
            "interval_s":-1
        },
        "channel_recv_frist_arrive":false
    },
    "op":{
        "convbert":{
            "concurrency":1,
            "local_service_conf":{
                "model_config":"./convbert_server",
                "device_type":0,
                "client_type":"local_predictor",
                "workdir":"",
                "thread_num":2,
                "devices":"",
                "mem_optim":true,
                "ir_optim":false,
                "precision":"fp32",
                "use_calib":false,
                "use_mkldnn":false,
                "mkldnn_cache_capacity":0
            },
            "timeout":-1,
            "retry":1,
            "batch_size":1,
            "auto_batching_timeout":-1
        }
    },
    "build_dag_each_worker":false
}
INFO 2022-01-06 15:11:05,243 [pipeline_server.py:223] -------------------------------------------
INFO 2022-01-06 15:11:05,243 [operator.py:307] Op(convbert) use local rpc service at port: []
INFO 2022-01-06 15:11:05,251 [dag.py:496] [DAG] Succ init
INFO 2022-01-06 15:11:05,252 [dag.py:659] ================= USED OP =================
INFO 2022-01-06 15:11:05,252 [dag.py:662] convbert
INFO 2022-01-06 15:11:05,252 [dag.py:663] -------------------------------------------
INFO 2022-01-06 15:11:05,252 [dag.py:680] ================== DAG ====================
INFO 2022-01-06 15:11:05,253 [dag.py:682] (VIEW 0)
INFO 2022-01-06 15:11:05,253 [dag.py:684]   [@DAGExecutor]
INFO 2022-01-06 15:11:05,253 [dag.py:686]     - convbert
INFO 2022-01-06 15:11:05,253 [dag.py:682] (VIEW 1)
INFO 2022-01-06 15:11:05,253 [dag.py:684]   [convbert]
INFO 2022-01-06 15:11:05,253 [dag.py:687] -------------------------------------------
INFO 2022-01-06 15:11:05,269 [dag.py:730] op:convbert add input channel.
INFO 2022-01-06 15:11:05,283 [dag.py:759] last op:convbert add output channel
INFO 2022-01-06 15:11:05,283 [dag.py:800] [DAG] Succ build DAG
INFO 2022-01-06 15:11:05,287 [dag.py:832] [DAG] start
INFO 2022-01-06 15:11:05,287 [dag.py:182] [DAG] set in channel succ, name [@DAGExecutor]
INFO 2022-01-06 15:11:05,289 [pipeline_server.py:51] [PipelineServicer] succ init
INFO 2022-01-06 15:11:05,299 [local_service_handler.py:160] Models(./convbert_server) will be launched by device cpu. use_gpu:False, use_trt:False, use_lite:False, use_xpu:False, device_type:0, devices:[-1], mem_optim:True, ir_optim:False, use_profile:False, thread_num:2, client_type:local_predictor, fetch_names:None, precision:fp32, use_mkldnn:False, mkldnn_cache_capacity:0, mkldnn_op_list:None, mkldnn_bf16_op_list:None
INFO 2022-01-06 15:11:05,299 [operator.py:1305] Init cuda env in process 0
INFO 2022-01-06 15:11:05,300 [local_service_handler.py:207] GET_CLIENT : concurrency_idx=0, device_num=1
INFO 2022-01-06 15:11:05,308 [local_predict.py:136] pdmodel_file_list:['./convbert_server/inference.pdmodel'], pdiparams_file_list:['./convbert_server/inference.pdiparams']
INFO 2022-01-06 15:11:05,309 [local_predict.py:144] LocalPredictor load_model_config params: model_path:./convbert_server, use_gpu:False, gpu_id:-1, use_profile:False, thread_num:2, mem_optim:True, ir_optim:False, use_trt:False, use_lite:False, use_xpu:False, precision:fp32, use_calib:False, use_mkldnn:False, mkldnn_cache_capacity:0, mkldnn_op_list:None, mkldnn_bf16_op_list:None, use_feed_fetch_ops:False, 
INFO 2022-01-06 15:11:05,845 [pipeline_server.py:54] (log_id=10000) inference request name:convbert self.name:convbert time:1641453065.8451068
INFO 2022-01-06 15:11:05,845 [operator.py:1720] RequestOp unpack one request. log_id:10000, clientip:             name:convbert, method:prediction, time:1641453065.8459234
INFO 2022-01-06 15:11:05,846 [dag.py:368] (data_id=0 log_id=10000) Succ Generate ID 
INFO 2022-01-06 15:11:06,166 [operator.py:367] Op({}) has no fetch name set. So fetch all vars
INFO 2022-01-06 15:11:06,178 [operator.py:1317] [convbert|0] Succ init
INFO 2022-01-06 15:11:06,240 [dag.py:404] (data_id=0 log_id=10000) Succ predict
